TN:
SF:/Users/olivier/Developer/nodejs/image-moment/src/index.js
FN:1,mgrid
FN:2,(anonymous_2)
FN:3,(anonymous_3)
FN:3,(anonymous_4)
FN:7,sum
FN:8,(anonymous_6)
FN:8,(anonymous_7)
FN:10,_mul
FN:11,(anonymous_9)
FN:11,(anonymous_10)
FN:13,mul
FN:14,(anonymous_12)
FN:16,dev
FN:17,(anonymous_14)
FN:17,(anonymous_15)
FN:19,imageMoments
FN:24,m
FN:46,mu
FN:61,nu
FNF:19
FNH:19
FNDA:1,mgrid
FNDA:25,(anonymous_2)
FNDA:25,(anonymous_3)
FNDA:500,(anonymous_4)
FNDA:17,sum
FNDA:425,(anonymous_6)
FNDA:8500,(anonymous_7)
FNDA:38,_mul
FNDA:950,(anonymous_9)
FNDA:19000,(anonymous_10)
FNDA:51,mul
FNDA:38,(anonymous_12)
FNDA:2,dev
FNDA:50,(anonymous_14)
FNDA:1000,(anonymous_15)
FNDA:1,imageMoments
FNDA:10,m
FNDA:7,mu
FNDA:6,nu
DA:1,1
DA:2,1
DA:3,1
DA:4,1
DA:7,1
DA:10,1
DA:13,1
DA:16,1
DA:19,1
DA:21,1
DA:26,1
DA:28,1
DA:29,1
DA:30,1
DA:31,1
DA:32,1
DA:33,1
DA:34,1
DA:35,1
DA:48,1
DA:49,1
DA:52,1
DA:55,1
DA:56,1
DA:57,1
DA:63,1
DA:64,1
DA:65,1
DA:66,1
DA:67,1
LF:30
LH:30
BRDA:14,1,0,39
BRDA:14,1,1,12
BRF:2
BRH:2
end_of_record
